13:19:13.151 [main] DEBUG com.intuit.karate.Suite - [config] classpath:karate-config.js
13:19:20.591 [main] INFO  com.intuit.karate - karate.env system property was: null 
13:19:20.970 [main] INFO  com.intuit.karate - [print] ur value--------> http://localhost:9191 
13:19:20.972 [main] INFO  com.intuit.karate - [print] path value--------> /normal/webapi/add 
13:19:20.972 [main] INFO  com.intuit.karate - [print] id value--------> 99 
13:19:24.059 [main] DEBUG com.intuit.karate - request:
1 > POST http://localhost:9191/normal/webapi/add
1 > Accept: application/json
1 > Content-Type: application/json; charset=UTF-8
1 > Content-Length: 240
1 > Host: localhost:9191
1 > Connection: Keep-Alive
1 > User-Agent: Apache-HttpClient/4.5.14 (Java/17.0.1)
1 > Accept-Encoding: gzip,deflate
{"jobId":99,"jobTitle":"Chemical Engineering","jobDescription":"To test chemical content","experience":["Google","Apple","Mobile Iron","Appium"],"project":[{"projectName":"E-Commerce App","technology":["Kotlin","SQL Lite","Gradle","C++"]}]}

13:19:24.974 [main] DEBUG com.intuit.karate - response time in milliseconds: 811
1 < 201
1 < X-Content-Type-Options: nosniff
1 < X-XSS-Protection: 1; mode=block
1 < Cache-Control: no-cache, no-store, max-age=0, must-revalidate
1 < Pragma: no-cache
1 < Expires: 0
1 < X-Frame-Options: DENY
1 < Content-Type: application/json
1 < Transfer-Encoding: chunked
1 < Date: Sat, 02 Mar 2024 07:49:24 GMT
1 < Keep-Alive: timeout=60
1 < Connection: keep-alive
{"jobId":99,"jobTitle":"Chemical Engineering","jobDescription":"To test chemical content","experience":["Google","Apple","Mobile Iron","Appium"],"project":[{"projectName":"E-Commerce App","technology":["Kotlin","SQL Lite","Gradle","C++"]}]}

13:19:25.065 [main] INFO  com.intuit.karate - [print] id------------------> 99 
13:19:25.092 [main] INFO  com.intuit.karate - [print] postJobId -----> 99 
13:19:25.100 [main] INFO  com.intuit.karate - [print] postJobTitle -----> Chemical Engineering 
13:19:25.117 [main] DEBUG com.intuit.karate - request:
1 > PATCH http://localhost:9191/normal/webapi/update/details?jobTitle=Chemical+Engineering&jobDescription=Chemical+Engineering&id=99
1 > Accept: application/json
1 > Content-Type: application/json; charset=UTF-8
1 > Content-Length: 2
1 > Host: localhost:9191
1 > Connection: Keep-Alive
1 > User-Agent: Apache-HttpClient/4.5.14 (Java/17.0.1)
1 > Accept-Encoding: gzip,deflate
{}

13:19:25.308 [main] DEBUG com.intuit.karate - response time in milliseconds: 190
1 < 200
1 < X-Content-Type-Options: nosniff
1 < X-XSS-Protection: 1; mode=block
1 < Cache-Control: no-cache, no-store, max-age=0, must-revalidate
1 < Pragma: no-cache
1 < Expires: 0
1 < X-Frame-Options: DENY
1 < Content-Type: application/json
1 < Transfer-Encoding: chunked
1 < Date: Sat, 02 Mar 2024 07:49:24 GMT
1 < Keep-Alive: timeout=60
1 < Connection: keep-alive
{"jobId":99,"jobTitle":"Chemical Engineering","jobDescription":"Chemical Engineering","experience":["Google","Apple","Mobile Iron","Appium"],"project":[{"projectName":"E-Commerce App","technology":["Kotlin","SQL Lite","Gradle","C++"]}]}

13:19:25.516 [main] INFO  com.intuit.karate - [print] patchJobID -----> 99 
13:19:25.521 [main] INFO  com.intuit.karate - [print] patchJobTitle -----> Chemical Engineering 
13:19:25.537 [main] DEBUG com.intuit.karate - request:
2 > GET http://localhost:9191/normal/webapi/find?jobTitle=Chemical+Engineering&id=99
2 > Accept: application/json
2 > Host: localhost:9191
2 > Connection: Keep-Alive
2 > User-Agent: Apache-HttpClient/4.5.14 (Java/17.0.1)
2 > Accept-Encoding: gzip,deflate


13:19:25.790 [main] DEBUG com.intuit.karate - response time in milliseconds: 252
2 < 200
2 < X-Content-Type-Options: nosniff
2 < X-XSS-Protection: 1; mode=block
2 < Cache-Control: no-cache, no-store, max-age=0, must-revalidate
2 < Pragma: no-cache
2 < Expires: 0
2 < X-Frame-Options: DENY
2 < Content-Type: application/json
2 < Transfer-Encoding: chunked
2 < Date: Sat, 02 Mar 2024 07:49:24 GMT
2 < Keep-Alive: timeout=60
2 < Connection: keep-alive
{"jobId":99,"jobTitle":"Chemical Engineering","jobDescription":"Chemical Engineering","experience":["Google","Apple","Mobile Iron","Appium"],"project":[{"projectName":"E-Commerce App","technology":["Kotlin","SQL Lite","Gradle","C++"]}]}

13:19:43.166 [main] DEBUG com.intuit.karate.Suite - [config] classpath:karate-config.js
13:19:45.512 [main] INFO  com.intuit.karate - karate.env system property was: null 
13:19:46.568 [main] DEBUG com.intuit.karate - request:
1 > GET http://localhost:9191/secure/webapi/all
1 > Accept: application/json
1 > Authorization: Basic YWRtaW46d2VsY29tZQ==
1 > Host: localhost:9191
1 > Connection: Keep-Alive
1 > User-Agent: Apache-HttpClient/4.5.14 (Java/17.0.1)
1 > Accept-Encoding: gzip,deflate


13:19:47.128 [main] DEBUG com.intuit.karate - response time in milliseconds: 548
1 < 200
1 < X-Content-Type-Options: nosniff
1 < X-XSS-Protection: 1; mode=block
1 < Cache-Control: no-cache, no-store, max-age=0, must-revalidate
1 < Pragma: no-cache
1 < Expires: 0
1 < X-Frame-Options: DENY
1 < Content-Type: application/json
1 < Transfer-Encoding: chunked
1 < Date: Sat, 02 Mar 2024 07:49:47 GMT
1 < Keep-Alive: timeout=60
1 < Connection: keep-alive
[{"jobId":1,"jobTitle":"Software Engg","jobDescription":"To develop andriod application","experience":["Google","Apple","Mobile Iron"],"project":[{"projectName":"Movie App","technology":["Kotlin","SQL Lite","Gradle"]}]}]

14:02:28.707 [main] DEBUG com.intuit.karate.Suite - [config] classpath:karate-config.js
14:02:30.867 [main] INFO  com.intuit.karate - karate.env system property was: null 
14:02:32.646 [main] DEBUG com.intuit.karate - request:
1 > GET http://localhost:9191/secure/webapi/all
1 > Accept: application/json
1 > Authorization: Basic YWRtaW46d2VsY29tZQ==
1 > Host: localhost:9191
1 > Connection: Keep-Alive
1 > User-Agent: Apache-HttpClient/4.5.14 (Java/17.0.1)
1 > Accept-Encoding: gzip,deflate


14:02:32.862 [main] DEBUG com.intuit.karate - response time in milliseconds: 214
1 < 200
1 < X-Content-Type-Options: nosniff
1 < X-XSS-Protection: 1; mode=block
1 < Cache-Control: no-cache, no-store, max-age=0, must-revalidate
1 < Pragma: no-cache
1 < Expires: 0
1 < X-Frame-Options: DENY
1 < Content-Type: application/json
1 < Transfer-Encoding: chunked
1 < Date: Sat, 02 Mar 2024 08:32:32 GMT
1 < Keep-Alive: timeout=60
1 < Connection: keep-alive
[{"jobId":1,"jobTitle":"Software Engg","jobDescription":"To develop andriod application","experience":["Google","Apple","Mobile Iron"],"project":[{"projectName":"Movie App","technology":["Kotlin","SQL Lite","Gradle"]}]}]

14:02:32.999 [main] INFO  com.intuit.karate - karate.env system property was: null 
14:02:33.020 [main] DEBUG com.intuit.karate - request:
1 > GET http://localhost:9191/secure/webapi/all
1 > Accept: application/json
1 > Authorization: Basic YWRtaW46ZGN2ZGN3
1 > Host: localhost:9191
1 > Connection: Keep-Alive
1 > User-Agent: Apache-HttpClient/4.5.14 (Java/17.0.1)
1 > Accept-Encoding: gzip,deflate


14:02:33.148 [main] DEBUG com.intuit.karate - response time in milliseconds: 128
1 < 401
1 < WWW-Authenticate: Basic realm=TEST_REALM
1 < X-Content-Type-Options: nosniff
1 < X-XSS-Protection: 1; mode=block
1 < Cache-Control: no-cache, no-store, max-age=0, must-revalidate
1 < Pragma: no-cache
1 < Expires: 0
1 < X-Frame-Options: DENY
1 < Content-Length: 35
1 < Date: Sat, 02 Mar 2024 08:32:32 GMT
1 < Keep-Alive: timeout=60
1 < Connection: keep-alive


14:21:33.574 [main] DEBUG com.intuit.karate.Suite - [config] classpath:karate-config.js
14:21:33.633 [main] INFO  com.intuit.karate.Suite - backed up existing 'target\karate-reports' dir to: target\karate-reports_1709369493624
14:21:33.649 [main] DEBUG com.intuit.karate.Suite - waiting for 14 features to complete
14:21:37.388 [pool-1-thread-1] INFO  com.intuit.karate - karate.env system property was: null 
14:21:37.388 [pool-1-thread-3] INFO  com.intuit.karate - karate.env system property was: null 
14:21:37.388 [pool-1-thread-4] INFO  com.intuit.karate - karate.env system property was: null 
14:21:37.388 [pool-1-thread-2] INFO  com.intuit.karate - karate.env system property was: null 
14:21:37.784 [pool-1-thread-2] INFO  com.intuit.karate - [print] ur value--------> http://localhost:9191 
14:21:37.787 [pool-1-thread-2] INFO  com.intuit.karate - [print] path value--------> /normal/webapi/add 
14:21:37.789 [pool-1-thread-2] INFO  com.intuit.karate - [print] id value--------> 79 
14:21:42.408 [pool-1-thread-4] DEBUG com.intuit.karate - request:
1 > POST http://localhost:9191/normal/webapi/upload
1 > Content-Type: multipart/form-data; boundary=fe46e1cb9bc82804
1 > Content-Length: 644
1 > Host: localhost:9191
1 > Connection: Keep-Alive
1 > User-Agent: Apache-HttpClient/4.5.14 (Java/11.0.12)
1 > Accept-Encoding: gzip,deflate

Mixed: content-disposition: form-data; name="file"; filename="createJobData.json"
content-type: application/json; charset=UTF-8
content-length: 454
Completed: true
IsInMemory: true


14:21:42.408 [pool-1-thread-3] DEBUG com.intuit.karate - request:
1 > POST http://localhost:9191/normal/webapi/upload
1 > Content-Type: multipart/form-data; boundary=52625a11d33ad74e
1 > Content-Length: 198
1 > Host: localhost:9191
1 > Connection: Keep-Alive
1 > User-Agent: Apache-HttpClient/4.5.14 (Java/11.0.12)
1 > Accept-Encoding: gzip,deflate

Mixed: content-disposition: form-data; name="file"; filename="dummy.txt"
content-type: text/plain; charset=UTF-8
content-length: 24
Completed: true
IsInMemory: true


14:21:42.409 [pool-1-thread-2] DEBUG com.intuit.karate - request:
1 > POST http://localhost:9191/normal/webapi/add
1 > Accept: application/json
1 > Content-Type: application/json; charset=UTF-8
1 > Content-Length: 240
1 > Host: localhost:9191
1 > Connection: Keep-Alive
1 > User-Agent: Apache-HttpClient/4.5.14 (Java/11.0.12)
1 > Accept-Encoding: gzip,deflate
{"jobId":79,"jobTitle":"Chemical Engineering","jobDescription":"To test chemical content","experience":["Google","Apple","Mobile Iron","Appium"],"project":[{"projectName":"E-Commerce App","technology":["Kotlin","SQL Lite","Gradle","C++"]}]}

14:21:42.408 [pool-1-thread-1] DEBUG com.intuit.karate - request:
1 > DELETE http://localhost:9191/normal/webapi/remove/27
1 > Accept: application/json
1 > Host: localhost:9191
1 > Connection: Keep-Alive
1 > User-Agent: Apache-HttpClient/4.5.14 (Java/11.0.12)
1 > Accept-Encoding: gzip,deflate


14:21:42.634 [pool-1-thread-2] DEBUG com.intuit.karate - response time in milliseconds: 221
1 < 201
1 < X-Content-Type-Options: nosniff
1 < X-XSS-Protection: 1; mode=block
1 < Cache-Control: no-cache, no-store, max-age=0, must-revalidate
1 < Pragma: no-cache
1 < Expires: 0
1 < X-Frame-Options: DENY
1 < Content-Type: application/json
1 < Transfer-Encoding: chunked
1 < Date: Sat, 02 Mar 2024 08:51:42 GMT
1 < Keep-Alive: timeout=60
1 < Connection: keep-alive
{"jobId":79,"jobTitle":"Chemical Engineering","jobDescription":"To test chemical content","experience":["Google","Apple","Mobile Iron","Appium"],"project":[{"projectName":"E-Commerce App","technology":["Kotlin","SQL Lite","Gradle","C++"]}]}

14:21:42.641 [pool-1-thread-2] INFO  com.intuit.karate - [print] id------------------> 79 
14:21:42.653 [pool-1-thread-2] DEBUG com.intuit.karate - request:
1 > PATCH http://localhost:9191/normal/webapi/update/details?jobTitle=Mechanical+Engineer&jobDescription=I+am+a+mechanical+engineer&id=79
1 > Accept: application/json
1 > Content-Type: application/json; charset=UTF-8
1 > Content-Length: 2
1 > Host: localhost:9191
1 > Connection: Keep-Alive
1 > User-Agent: Apache-HttpClient/4.5.14 (Java/11.0.12)
1 > Accept-Encoding: gzip,deflate
{}

14:21:42.955 [pool-1-thread-2] DEBUG com.intuit.karate - response time in milliseconds: 301
1 < 200
1 < X-Content-Type-Options: nosniff
1 < X-XSS-Protection: 1; mode=block
1 < Cache-Control: no-cache, no-store, max-age=0, must-revalidate
1 < Pragma: no-cache
1 < Expires: 0
1 < X-Frame-Options: DENY
1 < Content-Type: application/json
1 < Transfer-Encoding: chunked
1 < Date: Sat, 02 Mar 2024 08:51:42 GMT
1 < Keep-Alive: timeout=60
1 < Connection: keep-alive
{"jobId":79,"jobTitle":"Mechanical Engineer","jobDescription":"I am a mechanical engineer","experience":["Google","Apple","Mobile Iron","Appium"],"project":[{"projectName":"E-Commerce App","technology":["Kotlin","SQL Lite","Gradle","C++"]}]}

14:21:42.980 [pool-1-thread-2] DEBUG com.intuit.karate - request:
2 > DELETE http://localhost:9191/normal/webapi/remove/79
2 > Accept: application/json
2 > Host: localhost:9191
2 > Connection: Keep-Alive
2 > User-Agent: Apache-HttpClient/4.5.14 (Java/11.0.12)
2 > Accept-Encoding: gzip,deflate


14:21:43.108 [pool-1-thread-2] DEBUG com.intuit.karate - response time in milliseconds: 127
2 < 200
2 < X-Content-Type-Options: nosniff
2 < X-XSS-Protection: 1; mode=block
2 < Cache-Control: no-cache, no-store, max-age=0, must-revalidate
2 < Pragma: no-cache
2 < Expires: 0
2 < X-Frame-Options: DENY
2 < Content-Type: application/json
2 < Transfer-Encoding: chunked
2 < Date: Sat, 02 Mar 2024 08:51:42 GMT
2 < Keep-Alive: timeout=60
2 < Connection: keep-alive
{"jobId":79,"jobTitle":"Mechanical Engineer","jobDescription":"I am a mechanical engineer","experience":["Google","Apple","Mobile Iron","Appium"],"project":[{"projectName":"E-Commerce App","technology":["Kotlin","SQL Lite","Gradle","C++"]}]}

14:21:43.114 [pool-1-thread-2] DEBUG com.intuit.karate - request:
3 > GET http://localhost:9191/normal/webapi/find?jobTitle=Mechanical+Engineer&id=79
3 > Accept: application/json
3 > Host: localhost:9191
3 > Connection: Keep-Alive
3 > User-Agent: Apache-HttpClient/4.5.14 (Java/11.0.12)
3 > Accept-Encoding: gzip,deflate


14:21:44.563 [pool-1-thread-2] DEBUG com.intuit.karate - response time in milliseconds: 1448
3 < 404
3 < X-Content-Type-Options: nosniff
3 < X-XSS-Protection: 1; mode=block
3 < Cache-Control: no-cache, no-store, max-age=0, must-revalidate
3 < Pragma: no-cache
3 < Expires: 0
3 < X-Frame-Options: DENY
3 < Content-Type: application/json
3 < Transfer-Encoding: chunked
3 < Date: Sat, 02 Mar 2024 08:51:44 GMT
3 < Keep-Alive: timeout=60
3 < Connection: keep-alive
{"message":"Failed to find job with id=79, jobTitle=Mechanical Engineer"}

14:21:44.622 [pool-1-thread-2] INFO  com.intuit.karate - [print] {
  "message": "Failed to find job with id=79, jobTitle=Mechanical Engineer"
}
 
14:21:45.158 [pool-1-thread-4] DEBUG com.intuit.karate - response time in milliseconds: 2749
1 < 200
1 < X-Content-Type-Options: nosniff
1 < X-XSS-Protection: 1; mode=block
1 < Cache-Control: no-cache, no-store, max-age=0, must-revalidate
1 < Pragma: no-cache
1 < Expires: 0
1 < X-Frame-Options: DENY
1 < Content-Type: application/json
1 < Transfer-Encoding: chunked
1 < Date: Sat, 02 Mar 2024 08:51:44 GMT
1 < Keep-Alive: timeout=60
1 < Connection: keep-alive
{"message":"File createJobData.json uploaded at C:\\Users\\jiten\\AppData\\Local\\Temp\\\\"}

14:21:45.179 [pool-1-thread-4] INFO  com.intuit.karate - [print] {
  "message": "File createJobData.json uploaded at C:\\Users\\jiten\\AppData\\Local\\Temp\\\\"
}
 
14:21:45.260 [pool-1-thread-3] DEBUG com.intuit.karate - response time in milliseconds: 2851
1 < 200
1 < X-Content-Type-Options: nosniff
1 < X-XSS-Protection: 1; mode=block
1 < Cache-Control: no-cache, no-store, max-age=0, must-revalidate
1 < Pragma: no-cache
1 < Expires: 0
1 < X-Frame-Options: DENY
1 < Content-Type: application/json
1 < Transfer-Encoding: chunked
1 < Date: Sat, 02 Mar 2024 08:51:44 GMT
1 < Keep-Alive: timeout=60
1 < Connection: keep-alive
{"message":"File dummy.txt uploaded at C:\\Users\\jiten\\AppData\\Local\\Temp\\\\"}

14:21:45.275 [pool-1-thread-3] INFO  com.intuit.karate - [print] {
  "message": "File dummy.txt uploaded at C:\\Users\\jiten\\AppData\\Local\\Temp\\\\"
}
 
14:21:45.523 [pool-1-thread-1] DEBUG com.intuit.karate - response time in milliseconds: 3114
1 < 404
1 < X-Content-Type-Options: nosniff
1 < X-XSS-Protection: 1; mode=block
1 < Cache-Control: no-cache, no-store, max-age=0, must-revalidate
1 < Pragma: no-cache
1 < Expires: 0
1 < X-Frame-Options: DENY
1 < Content-Type: application/json
1 < Transfer-Encoding: chunked
1 < Date: Sat, 02 Mar 2024 08:51:44 GMT
1 < Keep-Alive: timeout=60
1 < Connection: keep-alive
{"message":"Entry with id = 27 not found"}

14:21:49.306 [pool-2-thread-1] INFO  com.intuit.karate.Suite - <<pass>> feature 3 of 14 (11 remaining) classpath:com/api/automation/deleteRequest/deleteData.feature
14:21:49.521 [pool-2-thread-1] INFO  com.intuit.karate.Suite - <<pass>> feature 11 of 14 (3 remaining) classpath:com/api/automation/postRequest/fileUpload/fileUpload.feature
